<?xml version="1.0" encoding="UTF-8"?>
<testng-results ignored="0" total="1" passed="1" failed="0" skipped="0">
  <reporter-output>
  </reporter-output>
  <suite started-at="2023-06-07T17:31:53 IST" name="Default suite" finished-at="2023-06-07T17:32:35 IST" duration-ms="41548">
    <groups>
    </groups>
    <test started-at="2023-06-07T17:31:53 IST" name="Default test" finished-at="2023-06-07T17:32:35 IST" duration-ms="41548">
      <class name="firstpack.Example1">
        <test-method signature="sampleTest()[pri:0, instance:firstpack.Example1@1aa7ecca]" started-at="2023-06-07T17:31:53 IST" name="sampleTest" finished-at="2023-06-07T17:32:35 IST" duration-ms="41504" status="PASS">
          <reporter-output>
          </reporter-output>
        </test-method> <!-- sampleTest -->
      </class> <!-- firstpack.Example1 -->
    </test> <!-- Default test -->
  </suite> <!-- Default suite -->
</testng-results>
